Thu Apr  4 00:39:48 IST 2024
gpu2
/iitjhome/m23csa003/speech
Running on host gpu2
SLURM_CLUSTER_NAME=iitj
SLURM_CONF=/etc/slurm/slurm.conf
SLURM_CPUS_ON_NODE=4
SLURM_CPUS_PER_TASK=4
SLURMD_NODENAME=gpu2
SLURM_GTIDS=0
SLURM_JOB_ACCOUNT=root
SLURM_JOB_CPUS_PER_NODE=4
SLURM_JOB_GID=1009
SLURM_JOB_GPUS=6
SLURM_JOB_ID=72518
SLURM_JOBID=72518
SLURM_JOB_NAME=test_eval
SLURM_JOB_NODELIST=gpu2
SLURM_JOB_NUM_NODES=1
SLURM_JOB_PARTITION=gpu2
SLURM_JOB_QOS=normal
SLURM_JOB_UID=1508
SLURM_JOB_USER=m23csa003
SLURM_LOCALID=0
SLURM_MEM_PER_NODE=8192
SLURM_NNODES=1
SLURM_NODE_ALIASES=(null)
SLURM_NODEID=0
SLURM_NODELIST=gpu2
SLURM_NPROCS=1
SLURM_NTASKS=1
SLURM_PRIO_PROCESS=0
SLURM_PROCID=0
SLURM_SUBMIT_DIR=/iitjhome/m23csa003/speech
SLURM_SUBMIT_HOST=hpclogin.iitj.ac.in
SLURM_TASK_PID=2498692
SLURM_TASKS_PER_NODE=1
SLURM_TOPOLOGY_ADDR=gpu2
SLURM_TOPOLOGY_ADDR_PATTERN=node
SLURM_WORKING_CLUSTER=iitj:hpclogin:6817:9216:101
